<?xml version="1.0" encoding="UTF-8"?>
<coverage generated="1720983425360" clover="3.2.0">
  <project timestamp="1720983425360" name="All files">
    <metrics statements="14" coveredstatements="14" conditionals="4" coveredconditionals="4" methods="6" coveredmethods="6" elements="24" coveredelements="24" complexity="0" loc="14" ncloc="14" packages="1" files="2" classes="2"/>
    <file name="sum.js" path="C:\Repos\Tutorials\JSFundamentals\Week 8\helpers\sum.js">
      <metrics statements="10" coveredstatements="10" conditionals="4" coveredconditionals="4" methods="4" coveredmethods="4"/>
      <line num="1" count="6" type="stmt"/>
      <line num="2" count="3" type="stmt"/>
      <line num="5" count="6" type="stmt"/>
      <line num="7" count="2" type="stmt"/>
      <line num="11" count="6" type="stmt"/>
      <line num="12" count="6" type="cond" truecount="4" falsecount="0"/>
      <line num="13" count="4" type="stmt"/>
      <line num="16" count="2" type="stmt"/>
      <line num="21" count="6" type="stmt"/>
      <line num="23" count="6" type="stmt"/>
    </file>
    <file name="utils.js" path="C:\Repos\Tutorials\JSFundamentals\Week 8\helpers\utils.js">
      <metrics statements="4" coveredstatements="4" conditionals="0" coveredconditionals="0" methods="2" coveredmethods="2"/>
      <line num="1" count="2" type="stmt"/>
      <line num="2" count="1" type="stmt"/>
      <line num="13" count="5" type="stmt"/>
      <line num="15" count="2" type="stmt"/>
    </file>
  </project>
</coverage>
