{"C:\\Repos\\Tutorials\\JSFundamentals\\Week 8\\helpers\\sum.js": {"path":"C:\\Repos\\Tutorials\\JSFundamentals\\Week 8\\helpers\\sum.js","statementMap":{"0":{"start":{"line":1,"column":12},"end":{"line":3,"column":1}},"1":{"start":{"line":2,"column":4},"end":{"line":2,"column":17}},"2":{"start":{"line":5,"column":14},"end":{"line":9,"column":1}},"3":{"start":{"line":7,"column":4},"end":{"line":7,"column":17}},"4":{"start":{"line":11,"column":15},"end":{"line":18,"column":1}},"5":{"start":{"line":12,"column":4},"end":{"line":13,"column":16}},"6":{"start":{"line":13,"column":8},"end":{"line":13,"column":16}},"7":{"start":{"line":16,"column":4},"end":{"line":16,"column":15}},"8":{"start":{"line":21,"column":17},"end":{"line":21,"column":32}},"9":{"start":{"line":21,"column":27},"end":{"line":21,"column":32}},"10":{"start":{"line":23,"column":0},"end":{"line":28,"column":2}}},"fnMap":{"0":{"name":"(anonymous_0)","decl":{"start":{"line":1,"column":12},"end":{"line":1,"column":13}},"loc":{"start":{"line":1,"column":22},"end":{"line":3,"column":1}},"line":1},"1":{"name":"(anonymous_1)","decl":{"start":{"line":5,"column":14},"end":{"line":5,"column":15}},"loc":{"start":{"line":5,"column":24},"end":{"line":9,"column":1}},"line":5},"2":{"name":"(anonymous_2)","decl":{"start":{"line":11,"column":15},"end":{"line":11,"column":16}},"loc":{"start":{"line":11,"column":26},"end":{"line":18,"column":1}},"line":11},"3":{"name":"(anonymous_3)","decl":{"start":{"line":21,"column":17},"end":{"line":21,"column":18}},"loc":{"start":{"line":21,"column":27},"end":{"line":21,"column":32}},"line":21}},"branchMap":{"0":{"loc":{"start":{"line":12,"column":4},"end":{"line":13,"column":16}},"type":"if","locations":[{"start":{"line":12,"column":4},"end":{"line":13,"column":16}},{"start":{},"end":{}}],"line":12},"1":{"loc":{"start":{"line":12,"column":7},"end":{"line":12,"column":23}},"type":"binary-expr","locations":[{"start":{"line":12,"column":7},"end":{"line":12,"column":13}},{"start":{"line":12,"column":17},"end":{"line":12,"column":23}}],"line":12}},"s":{"0":6,"1":3,"2":6,"3":2,"4":6,"5":6,"6":4,"7":2,"8":6,"9":2,"10":6},"f":{"0":3,"1":2,"2":6,"3":2},"b":{"0":[4,2],"1":[6,4]},"_coverageSchema":"1a1c01bbd47fc00a2c39e90264f33305004495a9","hash":"4dcfeb683238cb1b502fe86cd1926b3b068c1f05"}
,"C:\\Repos\\Tutorials\\JSFundamentals\\Week 8\\helpers\\utils.js": {"path":"C:\\Repos\\Tutorials\\JSFundamentals\\Week 8\\helpers\\utils.js","statementMap":{"0":{"start":{"line":1,"column":16},"end":{"line":7,"column":1}},"1":{"start":{"line":2,"column":4},"end":{"line":6,"column":5}},"2":{"start":{"line":13,"column":17},"end":{"line":13,"column":33}},"3":{"start":{"line":13,"column":26},"end":{"line":13,"column":33}},"4":{"start":{"line":15,"column":0},"end":{"line":18,"column":2}}},"fnMap":{"0":{"name":"(anonymous_0)","decl":{"start":{"line":1,"column":16},"end":{"line":1,"column":17}},"loc":{"start":{"line":1,"column":22},"end":{"line":7,"column":1}},"line":1},"1":{"name":"(anonymous_1)","decl":{"start":{"line":13,"column":17},"end":{"line":13,"column":18}},"loc":{"start":{"line":13,"column":26},"end":{"line":13,"column":33}},"line":13}},"branchMap":{},"s":{"0":2,"1":1,"2":2,"3":5,"4":2},"f":{"0":1,"1":5},"b":{},"_coverageSchema":"1a1c01bbd47fc00a2c39e90264f33305004495a9","hash":"edc2091ae671150ba2538efe5384a9be04cb25d1"}
}
