TN:
SF:Week 8\helpers\sum.js
FN:1,(anonymous_0)
FN:5,(anonymous_1)
FN:11,(anonymous_2)
FN:21,(anonymous_3)
FNF:4
FNH:4
FNDA:3,(anonymous_0)
FNDA:2,(anonymous_1)
FNDA:6,(anonymous_2)
FNDA:2,(anonymous_3)
DA:1,6
DA:2,3
DA:5,6
DA:7,2
DA:11,6
DA:12,6
DA:13,4
DA:16,2
DA:21,6
DA:23,6
LF:10
LH:10
BRDA:12,0,0,4
BRDA:12,0,1,2
BRDA:12,1,0,6
BRDA:12,1,1,4
BRF:4
BRH:4
end_of_record
TN:
SF:Week 8\helpers\utils.js
FN:1,(anonymous_0)
FN:13,(anonymous_1)
FNF:2
FNH:2
FNDA:1,(anonymous_0)
FNDA:5,(anonymous_1)
DA:1,2
DA:2,1
DA:13,5
DA:15,2
LF:4
LH:4
BRF:0
BRH:0
end_of_record
